[20250226-09:59:56] Phát hiện lỗi nghiêm trọng trong log hệ thống!
[20250226-09:59:56] Gửi email cảnh báo đến: trongdn2405@gmail.com
[20250226-09:59:57] Thông báo đã được gửi thành công.
[20250226-10:01:03] Phát hiện lỗi nghiêm trọng trong log hệ thống!
[20250226-10:01:03] Gửi thông báo thất bại!
[20250226-10:01:25] Phát hiện lỗi nghiêm trọng trong log hệ thống!
[20250226-10:01:26] Thông báo đã được gửi thành công.
[20250226-10:02:23] Phát hiện lỗi nghiêm trọng trong log hệ thống!
[20250226-10:02:24] Thông báo đã được gửi thành công.
[20250226-10:02:48] Phát hiện lỗi nghiêm trọng trong log hệ thống!
[20250226-10:02:48] Thông báo đã được gửi thành công.
[20250226-10:03:18] Phát hiện lỗi nghiêm trọng trong log hệ thống!
[20250226-10:03:19] Thông báo đã được gửi thành công.
[20250226-10:03:27] Phát hiện lỗi nghiêm trọng trong log hệ thống!
[20250226-10:03:27] Thông báo đã được gửi thành công.
[20250226-10:03:31] Phát hiện lỗi nghiêm trọng trong log hệ thống!
[20250226-10:03:31] Thông báo đã được gửi thành công.
[20250226-10:04:26] Phát hiện lỗi nghiêm trọng trong log hệ thống!
[20250226-10:04:27] Thông báo đã được gửi thành công.
[20250226-10:04:31] Phát hiện lỗi nghiêm trọng trong log hệ thống!
[20250226-10:04:32] Thông báo đã được gửi thành công.
[20250226-10:04:55] Phát hiện lỗi nghiêm trọng trong log hệ thống!
[20250226-10:04:56] Thông báo đã được gửi thành công.
[20250226-10:05:15] Phát hiện lỗi nghiêm trọng trong log hệ thống!
[20250226-10:05:15] Thông báo đã được gửi thành công.
[20250226-10:05:27] Phát hiện lỗi nghiêm trọng trong log hệ thống!
[20250226-10:05:28] Thông báo đã được gửi thành công.
[20250226-10:08:08] Phát hiện lỗi nghiêm trọng trong log hệ thống!
[20250226-10:08:09] Thông báo đã được gửi thành công.
[20250226-10:08:34] Phát hiện lỗi nghiêm trọng trong log hệ thống!
[20250226-10:08:35] Thông báo đã được gửi thành công.
[20250226-10:09:44] Phát hiện lỗi nghiêm trọng trong log hệ thống!
[20250226-10:09:44] Thông báo đã được gửi thành công.
[20250226-10:10:11] Phát hiện lỗi nghiêm trọng trong log hệ thống!
[20250226-10:10:12] Thông báo đã được gửi thành công.
[20250226-10:11:19] Phát hiện lỗi nghiêm trọng trong log hệ thống!
[20250226-10:11:20] Thông báo đã được gửi thành công.
[20250226-10:11:32] Phát hiện lỗi nghiêm trọng trong log hệ thống!
[20250226-10:11:32] ERROR: Test lỗi nghiêm trọng1
[20250226-10:11:33] Thông báo đã được gửi thành công.
[20250226-10:11:47] Phát hiện lỗi nghiêm trọng trong log hệ thống!
[20250226-10:11:32] ERROR: Test lỗi nghiêm trọng2
[20250226-10:11:47] Thông báo đã được gửi thành công.
[20250226-10:12:37] Phát hiện lỗi nghiêm trọng trong log hệ thống!
[20250226-10:12:38] Thông báo đã được gửi thành công.
[20250226-10:12:55] Phát hiện lỗi nghiêm trọng trong log hệ thống!
[20250226-10:12:56] Thông báo đã được gửi thành công.
[20250226-10:13:34] Phát hiện lỗi nghiêm trọng trong log hệ thống!
[20250226-10:13:34] Thông báo đã được gửi thành công.
[20250226-10:14:09] Phát hiện lỗi nghiêm trọng trong log hệ thống!
[20250226-10:14:09] Thông báo đã được gửi thành công.
[20250226-10:14:29] Phát hiện lỗi nghiêm trọng trong log hệ thống!
[20250226-10:14:30] Thông báo đã được gửi thành công.
[20250226-10:15:50] Phát hiện lỗi nghiêm trọng trong log hệ thống!
[20250226-10:15:50] Thông báo đã được gửi thành công.
[20250226-10:16:09] Phát hiện lỗi nghiêm trọng trong log hệ thống!
[20250226-10:16:09] Thông báo đã được gửi thành công.
[20250226-11:22:44] Phát hiện lỗi nghiêm trọng trong log hệ thống!
[20250226-11:22:45] Thông báo đã được gửi thành công.
[20250226-11:33:49] Phát hiện lỗi nghiêm trọng trong log hệ thống!
[20250226-11:34:21] Phát hiện lỗi nghiêm trọng trong log hệ thống!
[20250226-15:17:46] Email sending failed. Please check for errors.
