[20250226-06:17:59] Bắt đầu triển khai branch: main trên môi trường: production
[20250226-06:17:59] Tạo backup thư mục hiện tại...
[20250226-06:18:06] Install dependencies...
npm WARN using --force Recommended protections disabled.
npm WARN ERESOLVE overriding peer dependency
npm WARN While resolving: @typescript-eslint/eslint-plugin@7.18.0
npm WARN Found: eslint@9.21.0
npm WARN node_modules/eslint
npm WARN   dev eslint@"^9.8.0" from the root project
npm WARN   7 more (@eslint-community/eslint-utils, ...)
npm WARN 
npm WARN Could not resolve dependency:
npm WARN peer eslint@"^8.56.0" from @typescript-eslint/eslint-plugin@7.18.0
npm WARN node_modules/@typescript-eslint/eslint-plugin
npm WARN   dev @typescript-eslint/eslint-plugin@"^7.18.0" from the root project
npm WARN 
npm WARN Conflicting peer dependency: eslint@8.57.1
npm WARN node_modules/eslint
npm WARN   peer eslint@"^8.56.0" from @typescript-eslint/eslint-plugin@7.18.0
npm WARN   node_modules/@typescript-eslint/eslint-plugin
npm WARN     dev @typescript-eslint/eslint-plugin@"^7.18.0" from the root project
npm WARN ERESOLVE overriding peer dependency
npm WARN While resolving: @typescript-eslint/parser@7.18.0
npm WARN Found: eslint@9.21.0
npm WARN node_modules/eslint
npm WARN   dev eslint@"^9.8.0" from the root project
npm WARN   7 more (@eslint-community/eslint-utils, ...)
npm WARN 
npm WARN Could not resolve dependency:
npm WARN peer eslint@"^8.56.0" from @typescript-eslint/parser@7.18.0
npm WARN node_modules/@typescript-eslint/parser
npm WARN   dev @typescript-eslint/parser@"^7.18.0" from the root project
npm WARN   1 more (@typescript-eslint/eslint-plugin)
npm WARN 
npm WARN Conflicting peer dependency: eslint@8.57.1
npm WARN node_modules/eslint
npm WARN   peer eslint@"^8.56.0" from @typescript-eslint/parser@7.18.0
npm WARN   node_modules/@typescript-eslint/parser
npm WARN     dev @typescript-eslint/parser@"^7.18.0" from the root project
npm WARN     1 more (@typescript-eslint/eslint-plugin)
npm WARN ERESOLVE overriding peer dependency
npm WARN While resolving: eslint-plugin-react-hooks@4.6.2
npm WARN Found: eslint@9.21.0
npm WARN node_modules/eslint
npm WARN   dev eslint@"^9.8.0" from the root project
npm WARN   7 more (@eslint-community/eslint-utils, ...)
npm WARN 
npm WARN Could not resolve dependency:
npm WARN peer eslint@"^3.0.0 || ^4.0.0 || ^5.0.0 || ^6.0.0 || ^7.0.0 || ^8.0.0-0" from eslint-plugin-react-hooks@4.6.2
npm WARN node_modules/eslint-plugin-react-hooks
npm WARN   dev eslint-plugin-react-hooks@"^4.6.2" from the root project
npm WARN 
npm WARN Conflicting peer dependency: eslint@8.57.1
npm WARN node_modules/eslint
npm WARN   peer eslint@"^3.0.0 || ^4.0.0 || ^5.0.0 || ^6.0.0 || ^7.0.0 || ^8.0.0-0" from eslint-plugin-react-hooks@4.6.2
npm WARN   node_modules/eslint-plugin-react-hooks
npm WARN     dev eslint-plugin-react-hooks@"^4.6.2" from the root project
npm WARN ERESOLVE overriding peer dependency
npm WARN While resolving: @typescript-eslint/type-utils@7.18.0
npm WARN Found: eslint@9.21.0
npm WARN node_modules/eslint
npm WARN   dev eslint@"^9.8.0" from the root project
npm WARN   7 more (@eslint-community/eslint-utils, ...)
npm WARN 
npm WARN Could not resolve dependency:
npm WARN peer eslint@"^8.56.0" from @typescript-eslint/type-utils@7.18.0
npm WARN node_modules/@typescript-eslint/eslint-plugin/node_modules/@typescript-eslint/type-utils
npm WARN   @typescript-eslint/type-utils@"7.18.0" from @typescript-eslint/eslint-plugin@7.18.0
npm WARN   node_modules/@typescript-eslint/eslint-plugin
npm WARN 
npm WARN Conflicting peer dependency: eslint@8.57.1
npm WARN node_modules/eslint
npm WARN   peer eslint@"^8.56.0" from @typescript-eslint/type-utils@7.18.0
npm WARN   node_modules/@typescript-eslint/eslint-plugin/node_modules/@typescript-eslint/type-utils
npm WARN     @typescript-eslint/type-utils@"7.18.0" from @typescript-eslint/eslint-plugin@7.18.0
npm WARN     node_modules/@typescript-eslint/eslint-plugin
npm WARN ERESOLVE overriding peer dependency
npm WARN While resolving: @typescript-eslint/utils@7.18.0
npm WARN Found: eslint@9.21.0
npm WARN node_modules/eslint
npm WARN   dev eslint@"^9.8.0" from the root project
npm WARN   7 more (@eslint-community/eslint-utils, ...)
npm WARN 
npm WARN Could not resolve dependency:
npm WARN peer eslint@"^8.56.0" from @typescript-eslint/utils@7.18.0
npm WARN node_modules/@typescript-eslint/eslint-plugin/node_modules/@typescript-eslint/utils
npm WARN   @typescript-eslint/utils@"7.18.0" from @typescript-eslint/eslint-plugin@7.18.0
npm WARN   node_modules/@typescript-eslint/eslint-plugin
npm WARN   1 more (@typescript-eslint/type-utils)
npm WARN 
npm WARN Conflicting peer dependency: eslint@8.57.1
npm WARN node_modules/eslint
npm WARN   peer eslint@"^8.56.0" from @typescript-eslint/utils@7.18.0
npm WARN   node_modules/@typescript-eslint/eslint-plugin/node_modules/@typescript-eslint/utils
npm WARN     @typescript-eslint/utils@"7.18.0" from @typescript-eslint/eslint-plugin@7.18.0
npm WARN     node_modules/@typescript-eslint/eslint-plugin
npm WARN     1 more (@typescript-eslint/type-utils)

up to date, audited 468 packages in 1s

156 packages are looking for funding
  run `npm fund` for details

2 moderate severity vulnerabilities

To address all issues (including breaking changes), run:
  npm audit fix --force

Run `npm audit` for details.
[20250226-06:18:07] Build...

> shopee-clone@0.0.0 build
> tsc -b && vite build

vite v5.4.14 building for production...
transforming...
✓ 624 modules transformed.
rendering chunks...
computing gzip size...
dist/index.html                   0.46 kB │ gzip:   0.30 kB
dist/assets/user-D8aBXek0.png    10.11 kB
dist/assets/index-fW0t2oM7.css   36.25 kB │ gzip:   7.24 kB
dist/assets/index-BIGqR9F2.js   709.42 kB │ gzip: 242.64 kB
✓ built in 4.37s
[20250226-06:18:13] Restart service...
[20250226-06:18:13] Triển khai thành công!
[20250226-06:25:13] Bắt đầu triển khai branch: main trên môi trường: production
[20250226-06:25:13] Tạo backup thư mục hiện tại...
[20250226-06:25:20] Install dependencies...
npm WARN using --force Recommended protections disabled.
npm WARN ERESOLVE overriding peer dependency
npm WARN While resolving: @typescript-eslint/eslint-plugin@7.18.0
npm WARN Found: eslint@9.21.0
npm WARN node_modules/eslint
npm WARN   dev eslint@"^9.8.0" from the root project
npm WARN   7 more (@eslint-community/eslint-utils, ...)
npm WARN 
npm WARN Could not resolve dependency:
npm WARN peer eslint@"^8.56.0" from @typescript-eslint/eslint-plugin@7.18.0
npm WARN node_modules/@typescript-eslint/eslint-plugin
npm WARN   dev @typescript-eslint/eslint-plugin@"^7.18.0" from the root project
npm WARN 
npm WARN Conflicting peer dependency: eslint@8.57.1
npm WARN node_modules/eslint
npm WARN   peer eslint@"^8.56.0" from @typescript-eslint/eslint-plugin@7.18.0
npm WARN   node_modules/@typescript-eslint/eslint-plugin
npm WARN     dev @typescript-eslint/eslint-plugin@"^7.18.0" from the root project
npm WARN ERESOLVE overriding peer dependency
npm WARN While resolving: @typescript-eslint/parser@7.18.0
npm WARN Found: eslint@9.21.0
npm WARN node_modules/eslint
npm WARN   dev eslint@"^9.8.0" from the root project
npm WARN   7 more (@eslint-community/eslint-utils, ...)
npm WARN 
npm WARN Could not resolve dependency:
npm WARN peer eslint@"^8.56.0" from @typescript-eslint/parser@7.18.0
npm WARN node_modules/@typescript-eslint/parser
npm WARN   dev @typescript-eslint/parser@"^7.18.0" from the root project
npm WARN   1 more (@typescript-eslint/eslint-plugin)
npm WARN 
npm WARN Conflicting peer dependency: eslint@8.57.1
npm WARN node_modules/eslint
npm WARN   peer eslint@"^8.56.0" from @typescript-eslint/parser@7.18.0
npm WARN   node_modules/@typescript-eslint/parser
npm WARN     dev @typescript-eslint/parser@"^7.18.0" from the root project
npm WARN     1 more (@typescript-eslint/eslint-plugin)
npm WARN ERESOLVE overriding peer dependency
npm WARN While resolving: eslint-plugin-react-hooks@4.6.2
npm WARN Found: eslint@9.21.0
npm WARN node_modules/eslint
npm WARN   dev eslint@"^9.8.0" from the root project
npm WARN   7 more (@eslint-community/eslint-utils, ...)
npm WARN 
npm WARN Could not resolve dependency:
npm WARN peer eslint@"^3.0.0 || ^4.0.0 || ^5.0.0 || ^6.0.0 || ^7.0.0 || ^8.0.0-0" from eslint-plugin-react-hooks@4.6.2
npm WARN node_modules/eslint-plugin-react-hooks
npm WARN   dev eslint-plugin-react-hooks@"^4.6.2" from the root project
npm WARN 
npm WARN Conflicting peer dependency: eslint@8.57.1
npm WARN node_modules/eslint
npm WARN   peer eslint@"^3.0.0 || ^4.0.0 || ^5.0.0 || ^6.0.0 || ^7.0.0 || ^8.0.0-0" from eslint-plugin-react-hooks@4.6.2
npm WARN   node_modules/eslint-plugin-react-hooks
npm WARN     dev eslint-plugin-react-hooks@"^4.6.2" from the root project
npm WARN ERESOLVE overriding peer dependency
npm WARN While resolving: @typescript-eslint/type-utils@7.18.0
npm WARN Found: eslint@9.21.0
npm WARN node_modules/eslint
npm WARN   dev eslint@"^9.8.0" from the root project
npm WARN   7 more (@eslint-community/eslint-utils, ...)
npm WARN 
npm WARN Could not resolve dependency:
npm WARN peer eslint@"^8.56.0" from @typescript-eslint/type-utils@7.18.0
npm WARN node_modules/@typescript-eslint/eslint-plugin/node_modules/@typescript-eslint/type-utils
npm WARN   @typescript-eslint/type-utils@"7.18.0" from @typescript-eslint/eslint-plugin@7.18.0
npm WARN   node_modules/@typescript-eslint/eslint-plugin
npm WARN 
npm WARN Conflicting peer dependency: eslint@8.57.1
npm WARN node_modules/eslint
npm WARN   peer eslint@"^8.56.0" from @typescript-eslint/type-utils@7.18.0
npm WARN   node_modules/@typescript-eslint/eslint-plugin/node_modules/@typescript-eslint/type-utils
npm WARN     @typescript-eslint/type-utils@"7.18.0" from @typescript-eslint/eslint-plugin@7.18.0
npm WARN     node_modules/@typescript-eslint/eslint-plugin
npm WARN ERESOLVE overriding peer dependency
npm WARN While resolving: @typescript-eslint/utils@7.18.0
npm WARN Found: eslint@9.21.0
npm WARN node_modules/eslint
npm WARN   dev eslint@"^9.8.0" from the root project
npm WARN   7 more (@eslint-community/eslint-utils, ...)
npm WARN 
npm WARN Could not resolve dependency:
npm WARN peer eslint@"^8.56.0" from @typescript-eslint/utils@7.18.0
npm WARN node_modules/@typescript-eslint/eslint-plugin/node_modules/@typescript-eslint/utils
npm WARN   @typescript-eslint/utils@"7.18.0" from @typescript-eslint/eslint-plugin@7.18.0
npm WARN   node_modules/@typescript-eslint/eslint-plugin
npm WARN   1 more (@typescript-eslint/type-utils)
npm WARN 
npm WARN Conflicting peer dependency: eslint@8.57.1
npm WARN node_modules/eslint
npm WARN   peer eslint@"^8.56.0" from @typescript-eslint/utils@7.18.0
npm WARN   node_modules/@typescript-eslint/eslint-plugin/node_modules/@typescript-eslint/utils
npm WARN     @typescript-eslint/utils@"7.18.0" from @typescript-eslint/eslint-plugin@7.18.0
npm WARN     node_modules/@typescript-eslint/eslint-plugin
npm WARN     1 more (@typescript-eslint/type-utils)

up to date, audited 468 packages in 1s

156 packages are looking for funding
  run `npm fund` for details

2 moderate severity vulnerabilities

To address all issues (including breaking changes), run:
  npm audit fix --force

Run `npm audit` for details.
[20250226-06:25:22] Build...

> shopee-clone@0.0.0 build
> tsc -b && vite build

vite v5.4.14 building for production...
transforming...
✓ 624 modules transformed.
rendering chunks...
computing gzip size...
dist/index.html                   0.46 kB │ gzip:   0.30 kB
dist/assets/user-D8aBXek0.png    10.11 kB
dist/assets/index-fW0t2oM7.css   36.25 kB │ gzip:   7.24 kB
dist/assets/index-BIGqR9F2.js   709.42 kB │ gzip: 242.64 kB
✓ built in 4.14s
[20250226-06:25:27] Restart service...
[20250226-06:25:27] Triển khai thành công!
[20250226-06:34:51] Bắt đầu triển khai branch: main trên môi trường: production
[20250226-06:34:51] Tạo backup thư mục hiện tại...
[20250226-06:34:58] Install dependencies...
npm WARN using --force Recommended protections disabled.
npm WARN ERESOLVE overriding peer dependency
npm WARN While resolving: @typescript-eslint/eslint-plugin@7.18.0
npm WARN Found: eslint@9.21.0
npm WARN node_modules/eslint
npm WARN   dev eslint@"^9.8.0" from the root project
npm WARN   7 more (@eslint-community/eslint-utils, ...)
npm WARN 
npm WARN Could not resolve dependency:
npm WARN peer eslint@"^8.56.0" from @typescript-eslint/eslint-plugin@7.18.0
npm WARN node_modules/@typescript-eslint/eslint-plugin
npm WARN   dev @typescript-eslint/eslint-plugin@"^7.18.0" from the root project
npm WARN 
npm WARN Conflicting peer dependency: eslint@8.57.1
npm WARN node_modules/eslint
npm WARN   peer eslint@"^8.56.0" from @typescript-eslint/eslint-plugin@7.18.0
npm WARN   node_modules/@typescript-eslint/eslint-plugin
npm WARN     dev @typescript-eslint/eslint-plugin@"^7.18.0" from the root project
npm WARN ERESOLVE overriding peer dependency
npm WARN While resolving: @typescript-eslint/parser@7.18.0
npm WARN Found: eslint@9.21.0
npm WARN node_modules/eslint
npm WARN   dev eslint@"^9.8.0" from the root project
npm WARN   7 more (@eslint-community/eslint-utils, ...)
npm WARN 
npm WARN Could not resolve dependency:
npm WARN peer eslint@"^8.56.0" from @typescript-eslint/parser@7.18.0
npm WARN node_modules/@typescript-eslint/parser
npm WARN   dev @typescript-eslint/parser@"^7.18.0" from the root project
npm WARN   1 more (@typescript-eslint/eslint-plugin)
npm WARN 
npm WARN Conflicting peer dependency: eslint@8.57.1
npm WARN node_modules/eslint
npm WARN   peer eslint@"^8.56.0" from @typescript-eslint/parser@7.18.0
npm WARN   node_modules/@typescript-eslint/parser
npm WARN     dev @typescript-eslint/parser@"^7.18.0" from the root project
npm WARN     1 more (@typescript-eslint/eslint-plugin)
npm WARN ERESOLVE overriding peer dependency
npm WARN While resolving: eslint-plugin-react-hooks@4.6.2
npm WARN Found: eslint@9.21.0
npm WARN node_modules/eslint
npm WARN   dev eslint@"^9.8.0" from the root project
npm WARN   7 more (@eslint-community/eslint-utils, ...)
npm WARN 
npm WARN Could not resolve dependency:
npm WARN peer eslint@"^3.0.0 || ^4.0.0 || ^5.0.0 || ^6.0.0 || ^7.0.0 || ^8.0.0-0" from eslint-plugin-react-hooks@4.6.2
npm WARN node_modules/eslint-plugin-react-hooks
npm WARN   dev eslint-plugin-react-hooks@"^4.6.2" from the root project
npm WARN 
npm WARN Conflicting peer dependency: eslint@8.57.1
npm WARN node_modules/eslint
npm WARN   peer eslint@"^3.0.0 || ^4.0.0 || ^5.0.0 || ^6.0.0 || ^7.0.0 || ^8.0.0-0" from eslint-plugin-react-hooks@4.6.2
npm WARN   node_modules/eslint-plugin-react-hooks
npm WARN     dev eslint-plugin-react-hooks@"^4.6.2" from the root project
npm WARN ERESOLVE overriding peer dependency
npm WARN While resolving: @typescript-eslint/type-utils@7.18.0
npm WARN Found: eslint@9.21.0
npm WARN node_modules/eslint
npm WARN   dev eslint@"^9.8.0" from the root project
npm WARN   7 more (@eslint-community/eslint-utils, ...)
npm WARN 
npm WARN Could not resolve dependency:
npm WARN peer eslint@"^8.56.0" from @typescript-eslint/type-utils@7.18.0
npm WARN node_modules/@typescript-eslint/eslint-plugin/node_modules/@typescript-eslint/type-utils
npm WARN   @typescript-eslint/type-utils@"7.18.0" from @typescript-eslint/eslint-plugin@7.18.0
npm WARN   node_modules/@typescript-eslint/eslint-plugin
npm WARN 
npm WARN Conflicting peer dependency: eslint@8.57.1
npm WARN node_modules/eslint
npm WARN   peer eslint@"^8.56.0" from @typescript-eslint/type-utils@7.18.0
npm WARN   node_modules/@typescript-eslint/eslint-plugin/node_modules/@typescript-eslint/type-utils
npm WARN     @typescript-eslint/type-utils@"7.18.0" from @typescript-eslint/eslint-plugin@7.18.0
npm WARN     node_modules/@typescript-eslint/eslint-plugin
npm WARN ERESOLVE overriding peer dependency
npm WARN While resolving: @typescript-eslint/utils@7.18.0
npm WARN Found: eslint@9.21.0
npm WARN node_modules/eslint
npm WARN   dev eslint@"^9.8.0" from the root project
npm WARN   7 more (@eslint-community/eslint-utils, ...)
npm WARN 
npm WARN Could not resolve dependency:
npm WARN peer eslint@"^8.56.0" from @typescript-eslint/utils@7.18.0
npm WARN node_modules/@typescript-eslint/eslint-plugin/node_modules/@typescript-eslint/utils
npm WARN   @typescript-eslint/utils@"7.18.0" from @typescript-eslint/eslint-plugin@7.18.0
npm WARN   node_modules/@typescript-eslint/eslint-plugin
npm WARN   1 more (@typescript-eslint/type-utils)
npm WARN 
npm WARN Conflicting peer dependency: eslint@8.57.1
npm WARN node_modules/eslint
npm WARN   peer eslint@"^8.56.0" from @typescript-eslint/utils@7.18.0
npm WARN   node_modules/@typescript-eslint/eslint-plugin/node_modules/@typescript-eslint/utils
npm WARN     @typescript-eslint/utils@"7.18.0" from @typescript-eslint/eslint-plugin@7.18.0
npm WARN     node_modules/@typescript-eslint/eslint-plugin
npm WARN     1 more (@typescript-eslint/type-utils)

up to date, audited 468 packages in 3s

156 packages are looking for funding
  run `npm fund` for details

2 moderate severity vulnerabilities

To address all issues (including breaking changes), run:
  npm audit fix --force

Run `npm audit` for details.
[20250226-06:35:01] Build...

> shopee-clone@0.0.0 build
> tsc -b && vite build

vite v5.4.14 building for production...
transforming...
✓ 624 modules transformed.
rendering chunks...
computing gzip size...
dist/index.html                   0.46 kB │ gzip:   0.30 kB
dist/assets/user-D8aBXek0.png    10.11 kB
dist/assets/index-fW0t2oM7.css   36.25 kB │ gzip:   7.24 kB
dist/assets/index-BIGqR9F2.js   709.42 kB │ gzip: 242.64 kB
✓ built in 4.14s
[20250226-06:35:06] Restart service...
[20250226-06:35:07] Triển khai thành công!
[20250226-06:35:13] Bắt đầu triển khai branch: main trên môi trường: production
[20250226-06:35:13] Tạo backup thư mục hiện tại...
[20250226-06:35:19] Install dependencies...
npm WARN using --force Recommended protections disabled.
npm WARN ERESOLVE overriding peer dependency
npm WARN While resolving: @typescript-eslint/eslint-plugin@7.18.0
npm WARN Found: eslint@9.21.0
npm WARN node_modules/eslint
npm WARN   dev eslint@"^9.8.0" from the root project
npm WARN   7 more (@eslint-community/eslint-utils, ...)
npm WARN 
npm WARN Could not resolve dependency:
npm WARN peer eslint@"^8.56.0" from @typescript-eslint/eslint-plugin@7.18.0
npm WARN node_modules/@typescript-eslint/eslint-plugin
npm WARN   dev @typescript-eslint/eslint-plugin@"^7.18.0" from the root project
npm WARN 
npm WARN Conflicting peer dependency: eslint@8.57.1
npm WARN node_modules/eslint
npm WARN   peer eslint@"^8.56.0" from @typescript-eslint/eslint-plugin@7.18.0
npm WARN   node_modules/@typescript-eslint/eslint-plugin
npm WARN     dev @typescript-eslint/eslint-plugin@"^7.18.0" from the root project
npm WARN ERESOLVE overriding peer dependency
npm WARN While resolving: @typescript-eslint/parser@7.18.0
npm WARN Found: eslint@9.21.0
npm WARN node_modules/eslint
npm WARN   dev eslint@"^9.8.0" from the root project
npm WARN   7 more (@eslint-community/eslint-utils, ...)
npm WARN 
npm WARN Could not resolve dependency:
npm WARN peer eslint@"^8.56.0" from @typescript-eslint/parser@7.18.0
npm WARN node_modules/@typescript-eslint/parser
npm WARN   dev @typescript-eslint/parser@"^7.18.0" from the root project
npm WARN   1 more (@typescript-eslint/eslint-plugin)
npm WARN 
npm WARN Conflicting peer dependency: eslint@8.57.1
npm WARN node_modules/eslint
npm WARN   peer eslint@"^8.56.0" from @typescript-eslint/parser@7.18.0
npm WARN   node_modules/@typescript-eslint/parser
npm WARN     dev @typescript-eslint/parser@"^7.18.0" from the root project
npm WARN     1 more (@typescript-eslint/eslint-plugin)
npm WARN ERESOLVE overriding peer dependency
npm WARN While resolving: eslint-plugin-react-hooks@4.6.2
npm WARN Found: eslint@9.21.0
npm WARN node_modules/eslint
npm WARN   dev eslint@"^9.8.0" from the root project
npm WARN   7 more (@eslint-community/eslint-utils, ...)
npm WARN 
npm WARN Could not resolve dependency:
npm WARN peer eslint@"^3.0.0 || ^4.0.0 || ^5.0.0 || ^6.0.0 || ^7.0.0 || ^8.0.0-0" from eslint-plugin-react-hooks@4.6.2
npm WARN node_modules/eslint-plugin-react-hooks
npm WARN   dev eslint-plugin-react-hooks@"^4.6.2" from the root project
npm WARN 
npm WARN Conflicting peer dependency: eslint@8.57.1
npm WARN node_modules/eslint
npm WARN   peer eslint@"^3.0.0 || ^4.0.0 || ^5.0.0 || ^6.0.0 || ^7.0.0 || ^8.0.0-0" from eslint-plugin-react-hooks@4.6.2
npm WARN   node_modules/eslint-plugin-react-hooks
npm WARN     dev eslint-plugin-react-hooks@"^4.6.2" from the root project
npm WARN ERESOLVE overriding peer dependency
npm WARN While resolving: @typescript-eslint/type-utils@7.18.0
npm WARN Found: eslint@9.21.0
npm WARN node_modules/eslint
npm WARN   dev eslint@"^9.8.0" from the root project
npm WARN   7 more (@eslint-community/eslint-utils, ...)
npm WARN 
npm WARN Could not resolve dependency:
npm WARN peer eslint@"^8.56.0" from @typescript-eslint/type-utils@7.18.0
npm WARN node_modules/@typescript-eslint/eslint-plugin/node_modules/@typescript-eslint/type-utils
npm WARN   @typescript-eslint/type-utils@"7.18.0" from @typescript-eslint/eslint-plugin@7.18.0
npm WARN   node_modules/@typescript-eslint/eslint-plugin
npm WARN 
npm WARN Conflicting peer dependency: eslint@8.57.1
npm WARN node_modules/eslint
npm WARN   peer eslint@"^8.56.0" from @typescript-eslint/type-utils@7.18.0
npm WARN   node_modules/@typescript-eslint/eslint-plugin/node_modules/@typescript-eslint/type-utils
npm WARN     @typescript-eslint/type-utils@"7.18.0" from @typescript-eslint/eslint-plugin@7.18.0
npm WARN     node_modules/@typescript-eslint/eslint-plugin
npm WARN ERESOLVE overriding peer dependency
npm WARN While resolving: @typescript-eslint/utils@7.18.0
npm WARN Found: eslint@9.21.0
npm WARN node_modules/eslint
npm WARN   dev eslint@"^9.8.0" from the root project
npm WARN   7 more (@eslint-community/eslint-utils, ...)
npm WARN 
npm WARN Could not resolve dependency:
npm WARN peer eslint@"^8.56.0" from @typescript-eslint/utils@7.18.0
npm WARN node_modules/@typescript-eslint/eslint-plugin/node_modules/@typescript-eslint/utils
npm WARN   @typescript-eslint/utils@"7.18.0" from @typescript-eslint/eslint-plugin@7.18.0
npm WARN   node_modules/@typescript-eslint/eslint-plugin
npm WARN   1 more (@typescript-eslint/type-utils)
npm WARN 
npm WARN Conflicting peer dependency: eslint@8.57.1
npm WARN node_modules/eslint
npm WARN   peer eslint@"^8.56.0" from @typescript-eslint/utils@7.18.0
npm WARN   node_modules/@typescript-eslint/eslint-plugin/node_modules/@typescript-eslint/utils
npm WARN     @typescript-eslint/utils@"7.18.0" from @typescript-eslint/eslint-plugin@7.18.0
npm WARN     node_modules/@typescript-eslint/eslint-plugin
npm WARN     1 more (@typescript-eslint/type-utils)

up to date, audited 468 packages in 1s

156 packages are looking for funding
  run `npm fund` for details

2 moderate severity vulnerabilities

To address all issues (including breaking changes), run:
  npm audit fix --force

Run `npm audit` for details.
[20250226-06:35:21] Build...

> shopee-clone@0.0.0 build
> tsc -b && vite build

vite v5.4.14 building for production...
transforming...
✓ 624 modules transformed.
rendering chunks...
computing gzip size...
dist/index.html                   0.46 kB │ gzip:   0.30 kB
dist/assets/user-D8aBXek0.png    10.11 kB
dist/assets/index-fW0t2oM7.css   36.25 kB │ gzip:   7.24 kB
dist/assets/index-BIGqR9F2.js   709.42 kB │ gzip: 242.64 kB
✓ built in 4.11s
[20250226-06:35:26] Restart service...
[20250226-06:35:26] Triển khai thành công!
[20250226-06:37:10] Bắt đầu triển khai branch: main trên môi trường: production
[20250226-06:37:10] Tạo backup thư mục hiện tại...
[20250226-06:37:16] Install dependencies...
npm WARN using --force Recommended protections disabled.
npm WARN ERESOLVE overriding peer dependency
npm WARN While resolving: @typescript-eslint/eslint-plugin@7.18.0
npm WARN Found: eslint@9.21.0
npm WARN node_modules/eslint
npm WARN   dev eslint@"^9.8.0" from the root project
npm WARN   7 more (@eslint-community/eslint-utils, ...)
npm WARN 
npm WARN Could not resolve dependency:
npm WARN peer eslint@"^8.56.0" from @typescript-eslint/eslint-plugin@7.18.0
npm WARN node_modules/@typescript-eslint/eslint-plugin
npm WARN   dev @typescript-eslint/eslint-plugin@"^7.18.0" from the root project
npm WARN 
npm WARN Conflicting peer dependency: eslint@8.57.1
npm WARN node_modules/eslint
npm WARN   peer eslint@"^8.56.0" from @typescript-eslint/eslint-plugin@7.18.0
npm WARN   node_modules/@typescript-eslint/eslint-plugin
npm WARN     dev @typescript-eslint/eslint-plugin@"^7.18.0" from the root project
npm WARN ERESOLVE overriding peer dependency
npm WARN While resolving: @typescript-eslint/parser@7.18.0
npm WARN Found: eslint@9.21.0
npm WARN node_modules/eslint
npm WARN   dev eslint@"^9.8.0" from the root project
npm WARN   7 more (@eslint-community/eslint-utils, ...)
npm WARN 
npm WARN Could not resolve dependency:
npm WARN peer eslint@"^8.56.0" from @typescript-eslint/parser@7.18.0
npm WARN node_modules/@typescript-eslint/parser
npm WARN   dev @typescript-eslint/parser@"^7.18.0" from the root project
npm WARN   1 more (@typescript-eslint/eslint-plugin)
npm WARN 
npm WARN Conflicting peer dependency: eslint@8.57.1
npm WARN node_modules/eslint
npm WARN   peer eslint@"^8.56.0" from @typescript-eslint/parser@7.18.0
npm WARN   node_modules/@typescript-eslint/parser
npm WARN     dev @typescript-eslint/parser@"^7.18.0" from the root project
npm WARN     1 more (@typescript-eslint/eslint-plugin)
npm WARN ERESOLVE overriding peer dependency
npm WARN While resolving: eslint-plugin-react-hooks@4.6.2
npm WARN Found: eslint@9.21.0
npm WARN node_modules/eslint
npm WARN   dev eslint@"^9.8.0" from the root project
npm WARN   7 more (@eslint-community/eslint-utils, ...)
npm WARN 
npm WARN Could not resolve dependency:
npm WARN peer eslint@"^3.0.0 || ^4.0.0 || ^5.0.0 || ^6.0.0 || ^7.0.0 || ^8.0.0-0" from eslint-plugin-react-hooks@4.6.2
npm WARN node_modules/eslint-plugin-react-hooks
npm WARN   dev eslint-plugin-react-hooks@"^4.6.2" from the root project
npm WARN 
npm WARN Conflicting peer dependency: eslint@8.57.1
npm WARN node_modules/eslint
npm WARN   peer eslint@"^3.0.0 || ^4.0.0 || ^5.0.0 || ^6.0.0 || ^7.0.0 || ^8.0.0-0" from eslint-plugin-react-hooks@4.6.2
npm WARN   node_modules/eslint-plugin-react-hooks
npm WARN     dev eslint-plugin-react-hooks@"^4.6.2" from the root project
npm WARN ERESOLVE overriding peer dependency
npm WARN While resolving: @typescript-eslint/type-utils@7.18.0
npm WARN Found: eslint@9.21.0
npm WARN node_modules/eslint
npm WARN   dev eslint@"^9.8.0" from the root project
npm WARN   7 more (@eslint-community/eslint-utils, ...)
npm WARN 
npm WARN Could not resolve dependency:
npm WARN peer eslint@"^8.56.0" from @typescript-eslint/type-utils@7.18.0
npm WARN node_modules/@typescript-eslint/eslint-plugin/node_modules/@typescript-eslint/type-utils
npm WARN   @typescript-eslint/type-utils@"7.18.0" from @typescript-eslint/eslint-plugin@7.18.0
npm WARN   node_modules/@typescript-eslint/eslint-plugin
npm WARN 
npm WARN Conflicting peer dependency: eslint@8.57.1
npm WARN node_modules/eslint
npm WARN   peer eslint@"^8.56.0" from @typescript-eslint/type-utils@7.18.0
npm WARN   node_modules/@typescript-eslint/eslint-plugin/node_modules/@typescript-eslint/type-utils
npm WARN     @typescript-eslint/type-utils@"7.18.0" from @typescript-eslint/eslint-plugin@7.18.0
npm WARN     node_modules/@typescript-eslint/eslint-plugin
npm WARN ERESOLVE overriding peer dependency
npm WARN While resolving: @typescript-eslint/utils@7.18.0
npm WARN Found: eslint@9.21.0
npm WARN node_modules/eslint
npm WARN   dev eslint@"^9.8.0" from the root project
npm WARN   7 more (@eslint-community/eslint-utils, ...)
npm WARN 
npm WARN Could not resolve dependency:
npm WARN peer eslint@"^8.56.0" from @typescript-eslint/utils@7.18.0
npm WARN node_modules/@typescript-eslint/eslint-plugin/node_modules/@typescript-eslint/utils
npm WARN   @typescript-eslint/utils@"7.18.0" from @typescript-eslint/eslint-plugin@7.18.0
npm WARN   node_modules/@typescript-eslint/eslint-plugin
npm WARN   1 more (@typescript-eslint/type-utils)
npm WARN 
npm WARN Conflicting peer dependency: eslint@8.57.1
npm WARN node_modules/eslint
npm WARN   peer eslint@"^8.56.0" from @typescript-eslint/utils@7.18.0
npm WARN   node_modules/@typescript-eslint/eslint-plugin/node_modules/@typescript-eslint/utils
npm WARN     @typescript-eslint/utils@"7.18.0" from @typescript-eslint/eslint-plugin@7.18.0
npm WARN     node_modules/@typescript-eslint/eslint-plugin
npm WARN     1 more (@typescript-eslint/type-utils)

up to date, audited 468 packages in 1s

156 packages are looking for funding
  run `npm fund` for details

2 moderate severity vulnerabilities

To address all issues (including breaking changes), run:
  npm audit fix --force

Run `npm audit` for details.
[20250226-06:37:18] Build...

> shopee-clone@0.0.0 build
> tsc -b && vite build

vite v5.4.14 building for production...
transforming...
✓ 624 modules transformed.
rendering chunks...
computing gzip size...
dist/index.html                   0.46 kB │ gzip:   0.30 kB
dist/assets/user-D8aBXek0.png    10.11 kB
dist/assets/index-fW0t2oM7.css   36.25 kB │ gzip:   7.24 kB
dist/assets/index-BIGqR9F2.js   709.42 kB │ gzip: 242.64 kB
✓ built in 4.46s
[20250226-06:37:24] Restart service...
[20250226-06:37:24] Triển khai thành công!
[20250226-09:02:34] :warning: Khong tim thay thu muc backup
[20250226-09:03:08] :warning: Khong tim thay thu muc backup
[20250226-09:03:14] Tạo backup thư mục hiện tại...
[20250226-09:03:14] backup thanh cong
[2025-02-26 09:05:59] Bắt đầu backup thư mục: /home/vantrong/Documents/shell_script/excercise/excercise_6
[2025-02-26 09:05:59] Backup thành công! File lưu tại: /home/vantrong/Documents/shell_script/excercise/excercise_7/backup/backup_20250226_090559.tar.gz
[2025-02-26 09:05:59] Đã xóa các file backup cũ hơn 7 ngày.
[2025-02-26 09:06:44] Bắt đầu backup thư mục: /home/vantrong/Documents/shell_script/excercise/excercise_6
[2025-02-26 09:06:44] Backup thành công! File lưu tại: /home/vantrong/Documents/shell_script/excercise/excercise_7/backup/backup_20250226_090644.tar.gz
[2025-02-26 09:06:44] Đã xóa các file backup cũ hơn 7 ngày.
[2025-02-26 09:07:12] Bắt đầu backup thư mục: /home/vantrong/Documents/shell_script/excercise/excercise_6
[2025-02-26 09:07:12] Backup thành công! File lưu tại: /home/vantrong/Documents/shell_script/excercise/excercise_7/backup/backup_20250226_090712.tar.gz
[2025-02-26 09:11:04] Bắt đầu backup thư mục: /home/vantrong/Documents/shell_script/excercise/excercise_6
[2025-02-26 09:11:04] Backup thành công! File lưu tại: /home/vantrong/Documents/shell_script/excercise/excercise_7/backup/backup_20250226_091104.tar.gz
[2025-02-26 09:13:22] Bắt đầu backup thư mục: /home/vantrong/Documents/shell_script/excercise/excercise_6
[2025-02-26 09:13:22] Backup thành công! File lưu tại: /home/vantrong/Documents/shell_script/excercise/excercise_7/backup/backup_20250226_091322.tar.gz
[2025-02-26 09:21:08] Bắt đầu backup thư mục: /home/vantrong/Documents/shell_script/excercise/excercise_6
[2025-02-26 09:21:08] Backup thành công! File lưu tại: /home/vantrong/Documents/shell_script/excercise/excercise_7/backup/backup_20250226_092108.tar.gz
[2025-02-26 14:02:54] Thư mục cần backup không tồn tại: 
[2025-02-26 14:02:56] Bắt đầu backup thư mục: /home/vantrong/Documents/shell_script/excercise/excercise_6
[2025-02-26 14:02:56] Backup thành công! File lưu tại: /home/vantrong/Documents/shell_script/excercise/excercise_7/backup/backup_20250226_140256.tar.gz
[2025-02-26 14:03:06] Bắt đầu backup thư mục: /home/vantrong/Documents/shell_script/excercise/excercise_6
[2025-02-26 14:03:06] Backup thành công! File lưu tại: /home/vantrong/Documents/shell_script/excercise/excercise_7/backup/backup_20250226_140306.tar.gz
[2025-02-26 14:03:13] Bắt đầu backup thư mục: /home/vantrong/Documents/shell_script/excercise/excercise_6
[2025-02-26 14:03:13] Backup thành công! File lưu tại: /home/vantrong/Documents/shell_script/excercise/excercise_7/backup/backup_20250226_140313.tar.gz
[2025-02-26 14:03:57] Bắt đầu backup thư mục: /home/vantrong/Documents/shell_script/excercise/excercise_6
[2025-02-26 14:03:57] Backup thành công! File lưu tại: /home/vantrong/Documents/shell_script/excercise/excercise_7/backup/backup_20250226_140357.tar.gz
[2025-02-26 14:04:38] Bắt đầu backup thư mục: /home/vantrong/Documents/shell_script/excercise/excercise_6
[2025-02-26 14:04:38] Backup thành công! File lưu tại: /home/vantrong/Documents/shell_script/excercise/excercise_7/backup/backup_20250226_140438.tar.gz
[2025-02-26 14:04:43] Bắt đầu backup thư mục: /home/vantrong/Documents/shell_script/excercise/excercise_6
[2025-02-26 14:04:43] Backup thành công! File lưu tại: /home/vantrong/Documents/shell_script/excercise/excercise_7/backup/backup_20250226_140443.tar.gz
[2025-02-26 14:06:46] Bắt đầu backup thư mục: /home/vantrong/Documents/shell_script/excercise/excercise_6
[2025-02-26 14:06:46] Backup thành công! File lưu tại: /home/vantrong/Documents/shell_script/excercise/excercise_7/backup/backup_20250226_140646.tar.gz
[2025-02-26 14:08:35] Bắt đầu backup thư mục: /home/vantrong/Documents/shell_script/excercise/excercise_6
[2025-02-26 14:08:35] Backup thành công! File lưu tại: /home/vantrong/Documents/shell_script/excercise/excercise_7/backup/backup_20250226_140835.tar.gz
[2025-02-26 14:08:39] Bắt đầu backup thư mục: /home/vantrong/Documents/shell_script/excercise/excercise_6
[2025-02-26 14:08:39] Backup thành công! File lưu tại: /home/vantrong/Documents/shell_script/excercise/excercise_7/backup/backup_20250226_140839.tar.gz
[2025-02-26 14:08:56] Bắt đầu backup thư mục: /home/vantrong/Documents/shell_script/excercise/excercise_6
[2025-02-26 14:08:56] Backup thành công! File lưu tại: /home/vantrong/Documents/shell_script/excercise/excercise_7/backup/backup_20250226_140856.tar.gz
[2025-02-26 14:09:01] Bắt đầu backup thư mục: /home/vantrong/Documents/shell_script/excercise/excercise_6
[2025-02-26 14:09:01] Backup thành công! File lưu tại: /home/vantrong/Documents/shell_script/excercise/excercise_7/backup/backup_20250226_140901.tar.gz
[2025-02-26 14:09:21] Bắt đầu backup thư mục: /home/vantrong/Documents/shell_script/excercise/excercise_6
[2025-02-26 14:09:21] Backup thành công! File lưu tại: /home/vantrong/Documents/shell_script/excercise/excercise_7/backup/backup_20250226_140921.tar.gz
[2025-02-26 14:09:50] Bắt đầu backup thư mục: /home/vantrong/Documents/shell_script/excercise/excercise_6
[2025-02-26 14:09:50] Backup thành công! File lưu tại: /home/vantrong/Documents/shell_script/excercise/excercise_7/backup/backup_20250226_140950.tar.gz
[2025-02-26 14:11:36] Bắt đầu backup thư mục: /home/vantrong/Documents/shell_script/excercise/excercise_6
[2025-02-26 14:11:36] Backup thành công! File lưu tại: /home/vantrong/Documents/shell_script/excercise/excercise_7/backup/backup_20250226_141136.tar.gz
[2025-02-26 14:13:10] Bắt đầu backup thư mục: /home/vantrong/Documents/shell_script/excercise/excercise_6
[2025-02-26 14:13:10] Backup thành công! File lưu tại: /home/vantrong/Documents/shell_script/excercise/excercise_7/backup/backup_20250226_141310.tar.gz
[2025-02-26 14:13:29] Bắt đầu backup thư mục: /home/vantrong/Documents/shell_script/excercise/excercise_6
[2025-02-26 14:13:29] Backup thành công! File lưu tại: /home/vantrong/Documents/shell_script/excercise/excercise_7/backup/backup_20250226_141329.tar.gz
[2025-02-26 14:15:32] Bắt đầu backup thư mục: /home/vantrong/Documents/shell_script/excercise/excercise_6
[2025-02-26 14:15:32] Backup thành công! File lưu tại: /home/vantrong/Documents/shell_script/excercise/excercise_7/backup/backup_20250226_141532.tar.gz
[2025-02-26 14:15:48] Bắt đầu backup thư mục: /home/vantrong/Documents/shell_script/excercise/excercise_6
[2025-02-26 14:15:48] Backup thành công! File lưu tại: /home/vantrong/Documents/shell_script/excercise/excercise_7/backup/backup_20250226_141548.tar.gz
[2025-02-26 14:15:58] Bắt đầu backup thư mục: /home/vantrong/Documents/shell_script/excercise/excercise_6
[2025-02-26 14:15:58] Backup thành công! File lưu tại: /home/vantrong/Documents/shell_script/excercise/excercise_7/backup/backup_20250226_141558.tar.gz
[2025-02-26 14:16:21] Bắt đầu backup thư mục: /home/vantrong/Documents/shell_script/excercise/excercise_6
[2025-02-26 14:16:21] Backup thành công! File lưu tại: /home/vantrong/Documents/shell_script/excercise/excercise_7/backup/backup_20250226_141621.tar.gz
[2025-02-26 14:18:43] Bắt đầu backup thư mục: /home/vantrong/Documents/shell_script/excercise/excercise_6
[2025-02-26 14:18:43] Backup thành công! File lưu tại: /home/vantrong/Documents/shell_script/excercise/excercise_7/backup/backup_20250226_141843.tar.gz
[20250226-14:43:22] Start deploying branch: masss on the environment: pro
[20250226-14:43:22] Create backup of current directory...
[20250226-14:43:26] Triển khai thất bại!
[20250226-14:43:26] Rollback: Restore from backup...
[20250226-14:43:27] Rollback successful!
[20250226-14:43:34] Start deploying branch: main on the environment: pro
[20250226-14:43:34] Create backup of current directory...
[20250226-14:43:41] Install dependencies...
npm WARN using --force Recommended protections disabled.
npm WARN ERESOLVE overriding peer dependency
npm WARN While resolving: @typescript-eslint/eslint-plugin@7.18.0
npm WARN Found: eslint@9.21.0
npm WARN node_modules/eslint
npm WARN   dev eslint@"^9.8.0" from the root project
npm WARN   7 more (@eslint-community/eslint-utils, ...)
npm WARN 
npm WARN Could not resolve dependency:
npm WARN peer eslint@"^8.56.0" from @typescript-eslint/eslint-plugin@7.18.0
npm WARN node_modules/@typescript-eslint/eslint-plugin
npm WARN   dev @typescript-eslint/eslint-plugin@"^7.18.0" from the root project
npm WARN 
npm WARN Conflicting peer dependency: eslint@8.57.1
npm WARN node_modules/eslint
npm WARN   peer eslint@"^8.56.0" from @typescript-eslint/eslint-plugin@7.18.0
npm WARN   node_modules/@typescript-eslint/eslint-plugin
npm WARN     dev @typescript-eslint/eslint-plugin@"^7.18.0" from the root project
npm WARN ERESOLVE overriding peer dependency
npm WARN While resolving: @typescript-eslint/parser@7.18.0
npm WARN Found: eslint@9.21.0
npm WARN node_modules/eslint
npm WARN   dev eslint@"^9.8.0" from the root project
npm WARN   7 more (@eslint-community/eslint-utils, ...)
npm WARN 
npm WARN Could not resolve dependency:
npm WARN peer eslint@"^8.56.0" from @typescript-eslint/parser@7.18.0
npm WARN node_modules/@typescript-eslint/parser
npm WARN   dev @typescript-eslint/parser@"^7.18.0" from the root project
npm WARN   1 more (@typescript-eslint/eslint-plugin)
npm WARN 
npm WARN Conflicting peer dependency: eslint@8.57.1
npm WARN node_modules/eslint
npm WARN   peer eslint@"^8.56.0" from @typescript-eslint/parser@7.18.0
npm WARN   node_modules/@typescript-eslint/parser
npm WARN     dev @typescript-eslint/parser@"^7.18.0" from the root project
npm WARN     1 more (@typescript-eslint/eslint-plugin)
npm WARN ERESOLVE overriding peer dependency
npm WARN While resolving: eslint-plugin-react-hooks@4.6.2
npm WARN Found: eslint@9.21.0
npm WARN node_modules/eslint
npm WARN   dev eslint@"^9.8.0" from the root project
npm WARN   7 more (@eslint-community/eslint-utils, ...)
npm WARN 
npm WARN Could not resolve dependency:
npm WARN peer eslint@"^3.0.0 || ^4.0.0 || ^5.0.0 || ^6.0.0 || ^7.0.0 || ^8.0.0-0" from eslint-plugin-react-hooks@4.6.2
npm WARN node_modules/eslint-plugin-react-hooks
npm WARN   dev eslint-plugin-react-hooks@"^4.6.2" from the root project
npm WARN 
npm WARN Conflicting peer dependency: eslint@8.57.1
npm WARN node_modules/eslint
npm WARN   peer eslint@"^3.0.0 || ^4.0.0 || ^5.0.0 || ^6.0.0 || ^7.0.0 || ^8.0.0-0" from eslint-plugin-react-hooks@4.6.2
npm WARN   node_modules/eslint-plugin-react-hooks
npm WARN     dev eslint-plugin-react-hooks@"^4.6.2" from the root project
npm WARN ERESOLVE overriding peer dependency
npm WARN While resolving: @typescript-eslint/type-utils@7.18.0
npm WARN Found: eslint@9.21.0
npm WARN node_modules/eslint
npm WARN   dev eslint@"^9.8.0" from the root project
npm WARN   7 more (@eslint-community/eslint-utils, ...)
npm WARN 
npm WARN Could not resolve dependency:
npm WARN peer eslint@"^8.56.0" from @typescript-eslint/type-utils@7.18.0
npm WARN node_modules/@typescript-eslint/eslint-plugin/node_modules/@typescript-eslint/type-utils
npm WARN   @typescript-eslint/type-utils@"7.18.0" from @typescript-eslint/eslint-plugin@7.18.0
npm WARN   node_modules/@typescript-eslint/eslint-plugin
npm WARN 
npm WARN Conflicting peer dependency: eslint@8.57.1
npm WARN node_modules/eslint
npm WARN   peer eslint@"^8.56.0" from @typescript-eslint/type-utils@7.18.0
npm WARN   node_modules/@typescript-eslint/eslint-plugin/node_modules/@typescript-eslint/type-utils
npm WARN     @typescript-eslint/type-utils@"7.18.0" from @typescript-eslint/eslint-plugin@7.18.0
npm WARN     node_modules/@typescript-eslint/eslint-plugin
npm WARN ERESOLVE overriding peer dependency
npm WARN While resolving: @typescript-eslint/utils@7.18.0
npm WARN Found: eslint@9.21.0
npm WARN node_modules/eslint
npm WARN   dev eslint@"^9.8.0" from the root project
npm WARN   7 more (@eslint-community/eslint-utils, ...)
npm WARN 
npm WARN Could not resolve dependency:
npm WARN peer eslint@"^8.56.0" from @typescript-eslint/utils@7.18.0
npm WARN node_modules/@typescript-eslint/eslint-plugin/node_modules/@typescript-eslint/utils
npm WARN   @typescript-eslint/utils@"7.18.0" from @typescript-eslint/eslint-plugin@7.18.0
npm WARN   node_modules/@typescript-eslint/eslint-plugin
npm WARN   1 more (@typescript-eslint/type-utils)
npm WARN 
npm WARN Conflicting peer dependency: eslint@8.57.1
npm WARN node_modules/eslint
npm WARN   peer eslint@"^8.56.0" from @typescript-eslint/utils@7.18.0
npm WARN   node_modules/@typescript-eslint/eslint-plugin/node_modules/@typescript-eslint/utils
npm WARN     @typescript-eslint/utils@"7.18.0" from @typescript-eslint/eslint-plugin@7.18.0
npm WARN     node_modules/@typescript-eslint/eslint-plugin
npm WARN     1 more (@typescript-eslint/type-utils)
npm WARN deprecated @types/dompurify@3.2.0: This is a stub types definition. dompurify provides its own type definitions, so you do not need this installed.
npm WARN deprecated @floating-ui/react-dom-interactions@0.13.3: Package renamed to @floating-ui/react

added 467 packages, and audited 468 packages in 4s

156 packages are looking for funding
  run `npm fund` for details

2 moderate severity vulnerabilities

To address all issues (including breaking changes), run:
  npm audit fix --force

Run `npm audit` for details.
[20250226-14:43:46] Build...

> shopee-clone@0.0.0 build
> tsc -b && vite build

vite v5.4.14 building for production...
transforming...
✓ 624 modules transformed.
rendering chunks...
computing gzip size...
dist/index.html                   0.46 kB │ gzip:   0.30 kB
dist/assets/user-D8aBXek0.png    10.11 kB
dist/assets/index-fW0t2oM7.css   36.25 kB │ gzip:   7.24 kB
dist/assets/index-BIGqR9F2.js   709.42 kB │ gzip: 242.64 kB
✓ built in 4.62s
[20250226-14:43:57] Restart service...
[20250226-14:48:23] Start deploying branch: main on the environment: po
[20250226-14:48:23] Create backup of current directory...
[20250226-14:48:30] Install dependencies...
npm WARN using --force Recommended protections disabled.
npm WARN ERESOLVE overriding peer dependency
npm WARN While resolving: @typescript-eslint/eslint-plugin@7.18.0
npm WARN Found: eslint@9.21.0
npm WARN node_modules/eslint
npm WARN   dev eslint@"^9.8.0" from the root project
npm WARN   7 more (@eslint-community/eslint-utils, ...)
npm WARN 
npm WARN Could not resolve dependency:
npm WARN peer eslint@"^8.56.0" from @typescript-eslint/eslint-plugin@7.18.0
npm WARN node_modules/@typescript-eslint/eslint-plugin
npm WARN   dev @typescript-eslint/eslint-plugin@"^7.18.0" from the root project
npm WARN 
npm WARN Conflicting peer dependency: eslint@8.57.1
npm WARN node_modules/eslint
npm WARN   peer eslint@"^8.56.0" from @typescript-eslint/eslint-plugin@7.18.0
npm WARN   node_modules/@typescript-eslint/eslint-plugin
npm WARN     dev @typescript-eslint/eslint-plugin@"^7.18.0" from the root project
npm WARN ERESOLVE overriding peer dependency
npm WARN While resolving: @typescript-eslint/parser@7.18.0
npm WARN Found: eslint@9.21.0
npm WARN node_modules/eslint
npm WARN   dev eslint@"^9.8.0" from the root project
npm WARN   7 more (@eslint-community/eslint-utils, ...)
npm WARN 
npm WARN Could not resolve dependency:
npm WARN peer eslint@"^8.56.0" from @typescript-eslint/parser@7.18.0
npm WARN node_modules/@typescript-eslint/parser
npm WARN   dev @typescript-eslint/parser@"^7.18.0" from the root project
npm WARN   1 more (@typescript-eslint/eslint-plugin)
npm WARN 
npm WARN Conflicting peer dependency: eslint@8.57.1
npm WARN node_modules/eslint
npm WARN   peer eslint@"^8.56.0" from @typescript-eslint/parser@7.18.0
npm WARN   node_modules/@typescript-eslint/parser
npm WARN     dev @typescript-eslint/parser@"^7.18.0" from the root project
npm WARN     1 more (@typescript-eslint/eslint-plugin)
npm WARN ERESOLVE overriding peer dependency
npm WARN While resolving: eslint-plugin-react-hooks@4.6.2
npm WARN Found: eslint@9.21.0
npm WARN node_modules/eslint
npm WARN   dev eslint@"^9.8.0" from the root project
npm WARN   7 more (@eslint-community/eslint-utils, ...)
npm WARN 
npm WARN Could not resolve dependency:
npm WARN peer eslint@"^3.0.0 || ^4.0.0 || ^5.0.0 || ^6.0.0 || ^7.0.0 || ^8.0.0-0" from eslint-plugin-react-hooks@4.6.2
npm WARN node_modules/eslint-plugin-react-hooks
npm WARN   dev eslint-plugin-react-hooks@"^4.6.2" from the root project
npm WARN 
npm WARN Conflicting peer dependency: eslint@8.57.1
npm WARN node_modules/eslint
npm WARN   peer eslint@"^3.0.0 || ^4.0.0 || ^5.0.0 || ^6.0.0 || ^7.0.0 || ^8.0.0-0" from eslint-plugin-react-hooks@4.6.2
npm WARN   node_modules/eslint-plugin-react-hooks
npm WARN     dev eslint-plugin-react-hooks@"^4.6.2" from the root project
npm WARN ERESOLVE overriding peer dependency
npm WARN While resolving: @typescript-eslint/type-utils@7.18.0
npm WARN Found: eslint@9.21.0
npm WARN node_modules/eslint
npm WARN   dev eslint@"^9.8.0" from the root project
npm WARN   7 more (@eslint-community/eslint-utils, ...)
npm WARN 
npm WARN Could not resolve dependency:
npm WARN peer eslint@"^8.56.0" from @typescript-eslint/type-utils@7.18.0
npm WARN node_modules/@typescript-eslint/eslint-plugin/node_modules/@typescript-eslint/type-utils
npm WARN   @typescript-eslint/type-utils@"7.18.0" from @typescript-eslint/eslint-plugin@7.18.0
npm WARN   node_modules/@typescript-eslint/eslint-plugin
npm WARN 
npm WARN Conflicting peer dependency: eslint@8.57.1
npm WARN node_modules/eslint
npm WARN   peer eslint@"^8.56.0" from @typescript-eslint/type-utils@7.18.0
npm WARN   node_modules/@typescript-eslint/eslint-plugin/node_modules/@typescript-eslint/type-utils
npm WARN     @typescript-eslint/type-utils@"7.18.0" from @typescript-eslint/eslint-plugin@7.18.0
npm WARN     node_modules/@typescript-eslint/eslint-plugin
npm WARN ERESOLVE overriding peer dependency
npm WARN While resolving: @typescript-eslint/utils@7.18.0
npm WARN Found: eslint@9.21.0
npm WARN node_modules/eslint
npm WARN   dev eslint@"^9.8.0" from the root project
npm WARN   7 more (@eslint-community/eslint-utils, ...)
npm WARN 
npm WARN Could not resolve dependency:
npm WARN peer eslint@"^8.56.0" from @typescript-eslint/utils@7.18.0
npm WARN node_modules/@typescript-eslint/eslint-plugin/node_modules/@typescript-eslint/utils
npm WARN   @typescript-eslint/utils@"7.18.0" from @typescript-eslint/eslint-plugin@7.18.0
npm WARN   node_modules/@typescript-eslint/eslint-plugin
npm WARN   1 more (@typescript-eslint/type-utils)
npm WARN 
npm WARN Conflicting peer dependency: eslint@8.57.1
npm WARN node_modules/eslint
npm WARN   peer eslint@"^8.56.0" from @typescript-eslint/utils@7.18.0
npm WARN   node_modules/@typescript-eslint/eslint-plugin/node_modules/@typescript-eslint/utils
npm WARN     @typescript-eslint/utils@"7.18.0" from @typescript-eslint/eslint-plugin@7.18.0
npm WARN     node_modules/@typescript-eslint/eslint-plugin
npm WARN     1 more (@typescript-eslint/type-utils)

up to date, audited 468 packages in 1s

156 packages are looking for funding
  run `npm fund` for details

2 moderate severity vulnerabilities

To address all issues (including breaking changes), run:
  npm audit fix --force

Run `npm audit` for details.
[20250226-14:48:31] Build...

> shopee-clone@0.0.0 build
> tsc -b && vite build

vite v5.4.14 building for production...
transforming...
✓ 624 modules transformed.
rendering chunks...
computing gzip size...
dist/index.html                   0.46 kB │ gzip:   0.30 kB
dist/assets/user-D8aBXek0.png    10.11 kB
dist/assets/index-fW0t2oM7.css   36.25 kB │ gzip:   7.24 kB
dist/assets/index-BIGqR9F2.js   709.42 kB │ gzip: 242.64 kB
✓ built in 4.29s
[20250226-14:48:37] Restart service...
[20250226-14:48:37] Deploy success!
[20250226-14:48:51] Start deploying branch: mainpo on the environment: pro
[20250226-14:48:51] Create backup of current directory...
[20250226-14:48:54] Triển khai thất bại!
[20250226-14:48:54] Rollback: Restore from backup...
[20250226-14:48:55] Rollback successful!
[20250226-14:49:24] Start deploying branch: mainpo on the environment: pro
[20250226-14:49:24] Create backup of current directory...
[20250226-14:49:28] Triển khai thất bại!
[20250226-14:49:28] Rollback: Restore from backup...
[20250226-14:49:28] Deploy failed and Rollback successful!
[20250226-14:49:44] Start deploying branch: main on the environment: pro
[20250226-14:49:44] Create backup of current directory...
[20250226-14:49:51] Install dependencies...
npm WARN using --force Recommended protections disabled.
npm WARN ERESOLVE overriding peer dependency
npm WARN While resolving: @typescript-eslint/eslint-plugin@7.18.0
npm WARN Found: eslint@9.21.0
npm WARN node_modules/eslint
npm WARN   dev eslint@"^9.8.0" from the root project
npm WARN   7 more (@eslint-community/eslint-utils, ...)
npm WARN 
npm WARN Could not resolve dependency:
npm WARN peer eslint@"^8.56.0" from @typescript-eslint/eslint-plugin@7.18.0
npm WARN node_modules/@typescript-eslint/eslint-plugin
npm WARN   dev @typescript-eslint/eslint-plugin@"^7.18.0" from the root project
npm WARN 
npm WARN Conflicting peer dependency: eslint@8.57.1
npm WARN node_modules/eslint
npm WARN   peer eslint@"^8.56.0" from @typescript-eslint/eslint-plugin@7.18.0
npm WARN   node_modules/@typescript-eslint/eslint-plugin
npm WARN     dev @typescript-eslint/eslint-plugin@"^7.18.0" from the root project
npm WARN ERESOLVE overriding peer dependency
npm WARN While resolving: @typescript-eslint/parser@7.18.0
npm WARN Found: eslint@9.21.0
npm WARN node_modules/eslint
npm WARN   dev eslint@"^9.8.0" from the root project
npm WARN   7 more (@eslint-community/eslint-utils, ...)
npm WARN 
npm WARN Could not resolve dependency:
npm WARN peer eslint@"^8.56.0" from @typescript-eslint/parser@7.18.0
npm WARN node_modules/@typescript-eslint/parser
npm WARN   dev @typescript-eslint/parser@"^7.18.0" from the root project
npm WARN   1 more (@typescript-eslint/eslint-plugin)
npm WARN 
npm WARN Conflicting peer dependency: eslint@8.57.1
npm WARN node_modules/eslint
npm WARN   peer eslint@"^8.56.0" from @typescript-eslint/parser@7.18.0
npm WARN   node_modules/@typescript-eslint/parser
npm WARN     dev @typescript-eslint/parser@"^7.18.0" from the root project
npm WARN     1 more (@typescript-eslint/eslint-plugin)
npm WARN ERESOLVE overriding peer dependency
npm WARN While resolving: eslint-plugin-react-hooks@4.6.2
npm WARN Found: eslint@9.21.0
npm WARN node_modules/eslint
npm WARN   dev eslint@"^9.8.0" from the root project
npm WARN   7 more (@eslint-community/eslint-utils, ...)
npm WARN 
npm WARN Could not resolve dependency:
npm WARN peer eslint@"^3.0.0 || ^4.0.0 || ^5.0.0 || ^6.0.0 || ^7.0.0 || ^8.0.0-0" from eslint-plugin-react-hooks@4.6.2
npm WARN node_modules/eslint-plugin-react-hooks
npm WARN   dev eslint-plugin-react-hooks@"^4.6.2" from the root project
npm WARN 
npm WARN Conflicting peer dependency: eslint@8.57.1
npm WARN node_modules/eslint
npm WARN   peer eslint@"^3.0.0 || ^4.0.0 || ^5.0.0 || ^6.0.0 || ^7.0.0 || ^8.0.0-0" from eslint-plugin-react-hooks@4.6.2
npm WARN   node_modules/eslint-plugin-react-hooks
npm WARN     dev eslint-plugin-react-hooks@"^4.6.2" from the root project
npm WARN ERESOLVE overriding peer dependency
npm WARN While resolving: @typescript-eslint/type-utils@7.18.0
npm WARN Found: eslint@9.21.0
npm WARN node_modules/eslint
npm WARN   dev eslint@"^9.8.0" from the root project
npm WARN   7 more (@eslint-community/eslint-utils, ...)
npm WARN 
npm WARN Could not resolve dependency:
npm WARN peer eslint@"^8.56.0" from @typescript-eslint/type-utils@7.18.0
npm WARN node_modules/@typescript-eslint/eslint-plugin/node_modules/@typescript-eslint/type-utils
npm WARN   @typescript-eslint/type-utils@"7.18.0" from @typescript-eslint/eslint-plugin@7.18.0
npm WARN   node_modules/@typescript-eslint/eslint-plugin
npm WARN 
npm WARN Conflicting peer dependency: eslint@8.57.1
npm WARN node_modules/eslint
npm WARN   peer eslint@"^8.56.0" from @typescript-eslint/type-utils@7.18.0
npm WARN   node_modules/@typescript-eslint/eslint-plugin/node_modules/@typescript-eslint/type-utils
npm WARN     @typescript-eslint/type-utils@"7.18.0" from @typescript-eslint/eslint-plugin@7.18.0
npm WARN     node_modules/@typescript-eslint/eslint-plugin
npm WARN ERESOLVE overriding peer dependency
npm WARN While resolving: @typescript-eslint/utils@7.18.0
npm WARN Found: eslint@9.21.0
npm WARN node_modules/eslint
npm WARN   dev eslint@"^9.8.0" from the root project
npm WARN   7 more (@eslint-community/eslint-utils, ...)
npm WARN 
npm WARN Could not resolve dependency:
npm WARN peer eslint@"^8.56.0" from @typescript-eslint/utils@7.18.0
npm WARN node_modules/@typescript-eslint/eslint-plugin/node_modules/@typescript-eslint/utils
npm WARN   @typescript-eslint/utils@"7.18.0" from @typescript-eslint/eslint-plugin@7.18.0
npm WARN   node_modules/@typescript-eslint/eslint-plugin
npm WARN   1 more (@typescript-eslint/type-utils)
npm WARN 
npm WARN Conflicting peer dependency: eslint@8.57.1
npm WARN node_modules/eslint
npm WARN   peer eslint@"^8.56.0" from @typescript-eslint/utils@7.18.0
npm WARN   node_modules/@typescript-eslint/eslint-plugin/node_modules/@typescript-eslint/utils
npm WARN     @typescript-eslint/utils@"7.18.0" from @typescript-eslint/eslint-plugin@7.18.0
npm WARN     node_modules/@typescript-eslint/eslint-plugin
npm WARN     1 more (@typescript-eslint/type-utils)
npm WARN deprecated @types/dompurify@3.2.0: This is a stub types definition. dompurify provides its own type definitions, so you do not need this installed.
npm WARN deprecated @floating-ui/react-dom-interactions@0.13.3: Package renamed to @floating-ui/react

added 467 packages, and audited 468 packages in 4s

156 packages are looking for funding
  run `npm fund` for details

2 moderate severity vulnerabilities

To address all issues (including breaking changes), run:
  npm audit fix --force

Run `npm audit` for details.
[20250226-14:49:55] Build...

> shopee-clone@0.0.0 build
> tsc -b && vite build

vite v5.4.14 building for production...
transforming...
✓ 624 modules transformed.
rendering chunks...
computing gzip size...
dist/index.html                   0.46 kB │ gzip:   0.30 kB
dist/assets/user-D8aBXek0.png    10.11 kB
dist/assets/index-fW0t2oM7.css   36.25 kB │ gzip:   7.24 kB
dist/assets/index-BIGqR9F2.js   709.42 kB │ gzip: 242.64 kB
✓ built in 4.07s
[20250226-14:50:04] Restart service...
[20250226-14:50:05] Deploy success!
[2025-02-26 14:54:40] Start backing up the folder: /home/vantrong/Documents/shell_script/excercise/excercise_6
[2025-02-26 14:54:40] Backup successful! File saved at: /home/vantrong/Documents/shell_script/excercise/excercise_7/backup/backup_20250226_145440.tar.gz
[2025-02-26 14:56:00] Start backing up the folder: /home/vantrong/Documents/shell_script/excercise/excercise_6
[2025-02-26 14:56:00] Backup successful! File saved at: /home/vantrong/Documents/shell_script/excercise/excercise_7/backup/backup_20250226_145600.tar.gz
[2025-02-26 15:17:26] Start backing up the folder: /home/vantrong/Documents/shell_script/excercise/excercise_6
[2025-02-26 15:17:26] Backup successful! File saved at: /home/vantrong/Documents/shell_script/excercise/excercise_7/backup/backup_20250226_151726.tar.gz
[2025-02-26 15:18:45] The folder to backup does not exist.: 
[2025-02-26 15:18:45] The folder to backup does not exist.: 
[2025-02-26 15:19:06] Start backing up the folder: /home/vantrong/Documents/shell_script/excercise/excercise_6
[2025-02-26 15:19:06] Backup successful! File saved at: /home/vantrong/Documents/shell_script/excercise/excercise_7/backup/backup_20250226_151906.tar.gz
