2025-02-26 08:41:47 - apache2 is running.
2025-02-26 08:42:05 - apache2 is running.
2025-02-26 08:43:37 - apache2 is NOT running. Attempting to restart...
2025-02-26 08:43:42 - apache2 restarted successfully.
2025-02-26 08:46:22 - apache is NOT running. Attempting to restart...
2025-02-26 08:46:26 - Failed to restart apache.
2025-02-26 08:46:35 - apache2 is running.
2025-02-26 08:46:43 - apache2 is running.
[20250226-08:47:35] apache2 is running.
[20250226-13:58:35] Tìm thấy script bài 6. Đang thực thi...
[20250226-13:58:35]  is NOT running. Attempting to restart...
[20250226-13:58:37] Failed to restart .
[20250226-13:59:04] Tìm thấy script bài 6. Đang thực thi...
[20250226-13:59:04] apache2 is running.
[20250226-13:59:27] Tìm thấy script bài 6. Đang thực thi...
[20250226-13:59:27] apache2 is running.
[20250226-14:52:59] apache2 is running.
[20250226-14:53:35] apache2 is NOT running. Attempting to restart...
[20250226-14:53:41] apache2 restarted successfully.
[20250226-14:53:52] apache2 is running.
[20250226-14:53:58] apache2 is NOT running. Attempting to restart...
[20250226-14:54:01] apache2 restarted successfully.
