[20250226-14:06:06] Không tìm thấy script bài 7! Kiểm tra lại đường dẫn.
[20250226-14:06:30] Không tìm thấy script bài 7! Kiểm tra lại đường dẫn.
[20250226-14:06:46] Tìm thấy script bài 7. Đang thực thi...
[20250226-14:08:35] Tìm thấy script bài 7. Đang thực thi...
[20250226-14:08:35] Không tìm thấy file backup!
[20250226-14:08:39] Tìm thấy script bài 7. Đang thực thi...
[20250226-14:08:39] Không tìm thấy file backup!
[20250226-14:08:56] Tìm thấy script bài 7. Đang thực thi...
[20250226-14:08:56] Không tìm thấy file backup!
[20250226-14:09:01] Tìm thấy script bài 7. Đang thực thi...
[20250226-14:09:01] Không tìm thấy file backup!
[20250226-14:09:21] Tìm thấy script bài 7. Đang thực thi...
[20250226-14:09:21] Không tìm thấy file backup!
[20250226-14:09:50] Tìm thấy script bài 7. Đang thực thi...
[20250226-14:09:50] Không tìm thấy file backup!
[20250226-14:11:36] Tìm thấy script bài 7. Đang thực thi...
[20250226-14:11:36] Không tìm thấy file backup!
[20250226-14:13:10] Tìm thấy script bài 7. Đang thực thi...
[20250226-14:13:10] Không tìm thấy file backup!
[20250226-14:13:29] Tìm thấy script bài 7. Đang thực thi...
[20250226-14:13:29] Không tìm thấy file backup!
[20250226-14:15:32] Tìm thấy script bài 7. Đang thực thi...
[20250226-14:15:32] Không tìm thấy file backup!
[20250226-14:15:48] Tìm thấy script bài 7. Đang thực thi...
[20250226-14:15:48] File backup mới nhất: /home/vantrong/Documents/shell_script/excercise/excercise_7/backup/backup_20250226_141548.tar.gz tồn tại.
[20250226-14:15:58] Tìm thấy script bài 7. Đang thực thi...
[20250226-14:15:58] Không tìm thấy file backup!
[20250226-14:16:21] Tìm thấy script bài 7. Đang thực thi...
[20250226-14:16:21] File backup mới nhất: /home/vantrong/Documents/shell_script/excercise/excercise_7/backup/backup_20250226_141621.tar.gz tồn tại.
[20250226-14:18:43] Tìm thấy script bài 7. Đang thực thi...
[20250226-14:18:43] File backup: /home/vantrong/Documents/shell_script/excercise/excercise_7/backup/backup_20250226_141843.tar.gz tồn tại.
[20250226-15:18:45] Found script for lesson 7. Executing...
[20250226-15:18:45] File backup: /home/vantrong/Documents/shell_script/excercise/excercise_7/backup/backup_20250226_151726.tar.gz exist.
[20250226-15:19:06] Found script for lesson 7. Executing...
[20250226-15:19:06] File backup: /home/vantrong/Documents/shell_script/excercise/excercise_7/backup/backup_20250226_151906.tar.gz exist.
